<?xml version="1.0" encoding="UTF-8"?>
<testng-results skipped="0" failed="0" ignored="0" total="4" passed="4">
  <reporter-output>
  </reporter-output>
  <suite name="Suite" duration-ms="19379" started-at="2021-10-17T15:35:48 IST" finished-at="2021-10-17T15:36:08 IST">
    <groups>
      <group name="cucumber">
        <method signature="AbstractTestNGCucumberTests.runScenario(io.cucumber.testng.PickleWrapper,io.cucumber.testng.FeatureWrapper)[pri:0, instance:runner.RunnerFiles@59e5ddf]" name="runScenario" class="io.cucumber.testng.AbstractTestNGCucumberTests"/>
      </group> <!-- cucumber -->
    </groups>
    <test name="Test" duration-ms="19379" started-at="2021-10-17T15:35:48 IST" finished-at="2021-10-17T15:36:08 IST">
      <class name="runner.RunnerFiles">
        <test-method status="PASS" signature="setUpClass()[pri:0, instance:runner.RunnerFiles@59e5ddf]" name="setUpClass" is-config="true" duration-ms="255" started-at="2021-10-17T15:35:48 IST" finished-at="2021-10-17T15:35:48 IST">
          <reporter-output>
          </reporter-output>
        </test-method> <!-- setUpClass -->
        <test-method status="PASS" signature="runScenario(io.cucumber.testng.PickleWrapper,io.cucumber.testng.FeatureWrapper)[pri:0, instance:runner.RunnerFiles@59e5ddf]" name="runScenario" duration-ms="15472" started-at="2021-10-17T15:35:48 IST" description="Runs Cucumber Scenarios" data-provider="scenarios" finished-at="2021-10-17T15:36:04 IST">
          <params>
            <param index="0">
              <value>
                <![CDATA["Search Flipkart Test"]]>
              </value>
            </param>
            <param index="1">
              <value>
                <![CDATA["Optional[Flipkart Tests]"]]>
              </value>
            </param>
          </params>
          <reporter-output>
          </reporter-output>
        </test-method> <!-- runScenario -->
        <test-method status="PASS" signature="runScenario(io.cucumber.testng.PickleWrapper,io.cucumber.testng.FeatureWrapper)[pri:0, instance:runner.RunnerFiles@59e5ddf]" name="runScenario" duration-ms="17278" started-at="2021-10-17T15:35:48 IST" description="Runs Cucumber Scenarios" data-provider="scenarios" finished-at="2021-10-17T15:36:06 IST">
          <params>
            <param index="0">
              <value>
                <![CDATA["Test Amazon Title"]]>
              </value>
            </param>
            <param index="1">
              <value>
                <![CDATA["Optional[Amazon Tests]"]]>
              </value>
            </param>
          </params>
          <reporter-output>
          </reporter-output>
        </test-method> <!-- runScenario -->
        <test-method status="PASS" signature="runScenario(io.cucumber.testng.PickleWrapper,io.cucumber.testng.FeatureWrapper)[pri:0, instance:runner.RunnerFiles@59e5ddf]" name="runScenario" duration-ms="19060" started-at="2021-10-17T15:35:48 IST" description="Runs Cucumber Scenarios" data-provider="scenarios" finished-at="2021-10-17T15:36:08 IST">
          <params>
            <param index="0">
              <value>
                <![CDATA["Search Test"]]>
              </value>
            </param>
            <param index="1">
              <value>
                <![CDATA["Optional[Amazon Tests]"]]>
              </value>
            </param>
          </params>
          <reporter-output>
          </reporter-output>
        </test-method> <!-- runScenario -->
        <test-method status="PASS" signature="runScenario(io.cucumber.testng.PickleWrapper,io.cucumber.testng.FeatureWrapper)[pri:0, instance:runner.RunnerFiles@59e5ddf]" name="runScenario" duration-ms="13602" started-at="2021-10-17T15:35:48 IST" description="Runs Cucumber Scenarios" data-provider="scenarios" finished-at="2021-10-17T15:36:02 IST">
          <params>
            <param index="0">
              <value>
                <![CDATA["Test Flipkart Title"]]>
              </value>
            </param>
            <param index="1">
              <value>
                <![CDATA["Optional[Flipkart Tests]"]]>
              </value>
            </param>
          </params>
          <reporter-output>
          </reporter-output>
        </test-method> <!-- runScenario -->
        <test-method status="PASS" signature="tearDownClass()[pri:0, instance:runner.RunnerFiles@59e5ddf]" name="tearDownClass" is-config="true" duration-ms="26" started-at="2021-10-17T15:36:08 IST" finished-at="2021-10-17T15:36:08 IST">
          <reporter-output>
          </reporter-output>
        </test-method> <!-- tearDownClass -->
      </class> <!-- runner.RunnerFiles -->
    </test> <!-- Test -->
  </suite> <!-- Suite -->
</testng-results>
