<?xml version="1.0" encoding="UTF-8"?>
<testng-results skipped="0" failed="0" ignored="0" total="4" passed="4">
  <reporter-output>
  </reporter-output>
  <suite name="Default suite" duration-ms="26417" started-at="2021-10-17T16:54:46 IST" finished-at="2021-10-17T16:55:12 IST">
    <groups>
      <group name="cucumber">
        <method signature="AbstractTestNGCucumberTests.runScenario(io.cucumber.testng.PickleWrapper,io.cucumber.testng.FeatureWrapper)[pri:0, instance:runner.RunnerFiles@2de8284b]" name="runScenario" class="io.cucumber.testng.AbstractTestNGCucumberTests"/>
      </group> <!-- cucumber -->
    </groups>
    <test name="Default test" duration-ms="26417" started-at="2021-10-17T16:54:46 IST" finished-at="2021-10-17T16:55:12 IST">
      <class name="runner.RunnerFiles">
        <test-method status="PASS" signature="setUpClass()[pri:0, instance:runner.RunnerFiles@2de8284b]" name="setUpClass" is-config="true" duration-ms="665" started-at="2021-10-17T16:54:46 IST" finished-at="2021-10-17T16:54:46 IST">
          <reporter-output>
          </reporter-output>
        </test-method> <!-- setUpClass -->
        <test-method status="PASS" signature="runScenario(io.cucumber.testng.PickleWrapper,io.cucumber.testng.FeatureWrapper)[pri:0, instance:runner.RunnerFiles@2de8284b]" name="runScenario" duration-ms="16507" started-at="2021-10-17T16:54:46 IST" description="Runs Cucumber Scenarios" data-provider="scenarios" finished-at="2021-10-17T16:55:03 IST">
          <params>
            <param index="0">
              <value>
                <![CDATA["Test Flipkart Title"]]>
              </value>
            </param>
            <param index="1">
              <value>
                <![CDATA["Optional[Flipkart Tests]"]]>
              </value>
            </param>
          </params>
          <reporter-output>
          </reporter-output>
        </test-method> <!-- runScenario -->
        <test-method status="PASS" signature="runScenario(io.cucumber.testng.PickleWrapper,io.cucumber.testng.FeatureWrapper)[pri:0, instance:runner.RunnerFiles@2de8284b]" name="runScenario" duration-ms="19144" started-at="2021-10-17T16:54:46 IST" description="Runs Cucumber Scenarios" data-provider="scenarios" finished-at="2021-10-17T16:55:06 IST">
          <params>
            <param index="0">
              <value>
                <![CDATA["Test Amazon Title"]]>
              </value>
            </param>
            <param index="1">
              <value>
                <![CDATA["Optional[Amazon Tests]"]]>
              </value>
            </param>
          </params>
          <reporter-output>
          </reporter-output>
        </test-method> <!-- runScenario -->
        <test-method status="PASS" signature="runScenario(io.cucumber.testng.PickleWrapper,io.cucumber.testng.FeatureWrapper)[pri:0, instance:runner.RunnerFiles@2de8284b]" name="runScenario" duration-ms="18615" started-at="2021-10-17T16:54:46 IST" description="Runs Cucumber Scenarios" data-provider="scenarios" finished-at="2021-10-17T16:55:05 IST">
          <params>
            <param index="0">
              <value>
                <![CDATA["Search Flipkart Test"]]>
              </value>
            </param>
            <param index="1">
              <value>
                <![CDATA["Optional[Flipkart Tests]"]]>
              </value>
            </param>
          </params>
          <reporter-output>
          </reporter-output>
        </test-method> <!-- runScenario -->
        <test-method status="PASS" signature="runScenario(io.cucumber.testng.PickleWrapper,io.cucumber.testng.FeatureWrapper)[pri:0, instance:runner.RunnerFiles@2de8284b]" name="runScenario" duration-ms="22044" started-at="2021-10-17T16:54:46 IST" description="Runs Cucumber Scenarios" data-provider="scenarios" finished-at="2021-10-17T16:55:08 IST">
          <params>
            <param index="0">
              <value>
                <![CDATA["Search Test"]]>
              </value>
            </param>
            <param index="1">
              <value>
                <![CDATA["Optional[Amazon Tests]"]]>
              </value>
            </param>
          </params>
          <reporter-output>
          </reporter-output>
        </test-method> <!-- runScenario -->
        <test-method status="PASS" signature="tearDownClass()[pri:0, instance:runner.RunnerFiles@2de8284b]" name="tearDownClass" is-config="true" duration-ms="3661" started-at="2021-10-17T16:55:08 IST" finished-at="2021-10-17T16:55:12 IST">
          <reporter-output>
          </reporter-output>
        </test-method> <!-- tearDownClass -->
      </class> <!-- runner.RunnerFiles -->
    </test> <!-- Default test -->
  </suite> <!-- Default suite -->
</testng-results>
